[01:28:48] [main/INFO] (FabricLoader/GameProvider) Loading Minecraft 1.21.1 with Fabric Loader 0.16.5
[01:28:49] [main/WARN] (FabricLoader/Resolution) Warnings were found!
 - Mod 'Forge Config API Port' (forgeconfigapiport) 21.1.1 recommends any version of modmenu, which is missing!
	 - You should install any version of modmenu for the optimal experience.
[01:28:49] [main/INFO] (FabricLoader) Loading 59 mods:
	- cardinal-components-base 6.1.3
	- cardinal-components-entity 6.1.3
	- cardinal-components-world 6.1.3
	- dungeonnowloading 3.0
	- fabric-api 0.102.0+1.21.1
	- fabric-api-base 0.4.42+6573ed8cd1
	- fabric-api-lookup-api-v1 1.6.68+b55973446a
	- fabric-biome-api-v1 13.0.29+5bd9f1bc6a
	- fabric-block-api-v1 1.0.22+0af3f5a76a
	- fabric-block-view-api-v2 1.0.10+6573ed8c6a
	- fabric-blockrenderlayer-v1 1.1.52+0af3f5a76a
	- fabric-client-tags-api-v1 1.1.15+6573ed8c6a
	- fabric-command-api-v1 1.2.49+f71b366f6a
	- fabric-command-api-v2 2.2.28+6ced4dd96a
	- fabric-commands-v0 0.2.66+df3654b36a
	- fabric-content-registries-v0 8.0.16+b55973446a
	- fabric-convention-tags-v1 2.0.19+7f945d5b6a
	- fabric-convention-tags-v2 2.5.0+c5e2b5c66a
	- fabric-crash-report-info-v1 0.2.29+0af3f5a76a
	- fabric-data-attachment-api-v1 1.1.27+1daea2156a
	- fabric-data-generation-api-v1 20.2.16+16c4ae256a
	- fabric-dimensions-v1 4.0.0+6fc22b996a
	- fabric-entity-events-v1 1.6.12+6fc22b996a
	- fabric-events-interaction-v0 0.7.12+ba9dae066a
	- fabric-game-rule-api-v1 1.0.53+6ced4dd96a
	- fabric-gametest-api-v1 2.0.4+6fc22b996a
	- fabric-item-api-v1 11.0.0+afdfc9216a
	- fabric-item-group-api-v1 4.1.4+780172706a
	- fabric-key-binding-api-v1 1.0.47+0af3f5a76a
	- fabric-keybindings-v0 0.2.45+df3654b36a
	- fabric-lifecycle-events-v1 2.3.12+6c1df3606a
	- fabric-loot-api-v2 3.0.14+3f89f5a56a
	- fabric-loot-api-v3 1.0.2+3f89f5a56a
	- fabric-message-api-v1 6.0.13+6573ed8c6a
	- fabric-model-loading-api-v1 2.0.0+fe474d6b6a
	- fabric-networking-api-v1 4.2.2+60c3209b6a
	- fabric-object-builder-api-v1 15.2.0+40875a936a
	- fabric-particles-v1 4.0.2+6573ed8c6a
	- fabric-recipe-api-v1 5.0.12+650897126a
	- fabric-registry-sync-v0 5.1.2+60c3209b6a
	- fabric-renderer-api-v1 3.4.0+c705a49c6a
	- fabric-renderer-indigo 1.7.0+c705a49c6a
	- fabric-renderer-registries-v1 3.2.68+df3654b36a
	- fabric-rendering-data-attachment-v1 0.3.48+73761d2e6a
	- fabric-rendering-fluids-v1 3.1.6+1daea2156a
	- fabric-rendering-v0 1.1.71+df3654b36a
	- fabric-rendering-v1 5.0.5+df16efd06a
	- fabric-resource-conditions-api-v1 4.3.0+8dc279b16a
	- fabric-resource-loader-v0 1.3.0+565991296a
	- fabric-screen-api-v1 2.0.24+b55973446a
	- fabric-screen-handler-api-v1 1.3.86+b55973446a
	- fabric-sound-api-v1 1.0.23+6573ed8c6a
	- fabric-transfer-api-v1 5.1.16+3dccd3436a
	- fabric-transitive-access-wideners-v1 6.1.0+1daea2156a
	- fabricloader 0.16.5
	- forgeconfigapiport 21.1.1
	- java 21
	- minecraft 1.21.1
	- mixinextras 0.4.1
[01:28:49] [main/INFO] (FabricLoader/Mixin) SpongePowered MIXIN Subsystem Version=0.8.7 Source=file:/home/landry/.gradle/caches/modules-2/files-2.1/net.fabricmc/sponge-mixin/0.15.3+mixin.0.8.7/51ee0a44ab05f6fddd66b09e66b3a16904f9c55d/sponge-mixin-0.15.3+mixin.0.8.7.jar Service=Knot/Fabric Env=CLIENT
[01:28:49] [main/INFO] (FabricLoader/Mixin) Loaded Fabric development mappings for mixin remapper!
[01:28:49] [main/INFO] (FabricLoader/Mixin) Compatibility level set to JAVA_17
[01:28:49] [main/INFO] (FabricLoader/Mixin) Compatibility level set to JAVA_21
[01:28:49] [main/WARN] (FabricLoader/Mixin) Reference map 'forgeconfigapiport.common.refmap.json' for forgeconfigapiport.common.mixins.json could not be read. If this is a development environment you can ignore this message
[01:28:50] [main/INFO] (FabricLoader/MixinExtras|Service) Initializing MixinExtras via com.llamalad7.mixinextras.service.MixinExtrasServiceImpl(version=0.4.1).
[01:28:51] [Datafixer Bootstrap/INFO] (Minecraft) 226 Datafixer optimizations took 319 milliseconds
[01:28:56] [Render thread/INFO] (Minecraft) Environment: Environment[sessionHost=https://sessionserver.mojang.com, servicesHost=https://api.minecraftservices.com, name=PROD]
[01:28:56] [Render thread/INFO] (Minecraft) Setting user: Player901
[01:28:56] [Render thread/ERROR] (Minecraft) No data fixer registered for dungeonnowloading:chaos_spawner
[01:28:56] [Render thread/ERROR] (Minecraft) No data fixer registered for dungeonnowloading:fairkeeper
[01:28:56] [Render thread/ERROR] (Minecraft) No data fixer registered for dungeonnowloading:fairkeeper_borus_part
[01:28:56] [Render thread/ERROR] (Minecraft) No data fixer registered for dungeonnowloading:fairkeeper_ouros
[01:28:56] [Render thread/ERROR] (Minecraft) No data fixer registered for dungeonnowloading:fairkeeper_ouros_part
[01:28:56] [Render thread/ERROR] (Minecraft) No data fixer registered for dungeonnowloading:fairkeeper_serpent_caller
[01:28:56] [Render thread/ERROR] (Minecraft) No data fixer registered for dungeonnowloading:hollow
[01:28:56] [Render thread/ERROR] (Minecraft) No data fixer registered for dungeonnowloading:spawner_carrier
[01:28:56] [Render thread/ERROR] (Minecraft) No data fixer registered for dungeonnowloading:scuttle
[01:28:56] [Render thread/ERROR] (Minecraft) No data fixer registered for dungeonnowloading:ballista_golem
[01:28:56] [Render thread/ERROR] (Minecraft) No data fixer registered for dungeonnowloading:garhold
[01:28:56] [Render thread/ERROR] (Minecraft) No data fixer registered for dungeonnowloading:broken_garhold
[01:28:56] [Render thread/ERROR] (Minecraft) No data fixer registered for dungeonnowloading:wisp
[01:28:56] [Render thread/ERROR] (Minecraft) No data fixer registered for dungeonnowloading:large_wisp
[01:28:56] [Render thread/ERROR] (Minecraft) No data fixer registered for dungeonnowloading:wisp_lantern
[01:28:56] [Render thread/ERROR] (Minecraft) No data fixer registered for dungeonnowloading:silk_spider
[01:28:56] [Render thread/ERROR] (Minecraft) No data fixer registered for dungeonnowloading:reaper_spider
[01:28:56] [Render thread/ERROR] (Minecraft) No data fixer registered for dungeonnowloading:sealed_chaos
[01:28:56] [Render thread/ERROR] (Minecraft) No data fixer registered for dungeonnowloading:whimper
[01:28:56] [Render thread/ERROR] (Minecraft) No data fixer registered for dungeonnowloading:copper_creep
[01:28:56] [Render thread/ERROR] (Minecraft) No data fixer registered for dungeonnowloading:chaos_spawner_projectile
[01:28:56] [Render thread/ERROR] (Minecraft) No data fixer registered for dungeonnowloading:flame_projectile
[01:28:56] [Render thread/ERROR] (Minecraft) No data fixer registered for dungeonnowloading:wisp_projectile
[01:28:56] [Render thread/ERROR] (Minecraft) No data fixer registered for dungeonnowloading:large_wisp_projectile
[01:28:56] [Render thread/ERROR] (Minecraft) No data fixer registered for dungeonnowloading:vertex_pillar_projectile
[01:28:56] [Render thread/ERROR] (Minecraft) No data fixer registered for dungeonnowloading:ballista_arrow
[01:28:56] [Render thread/ERROR] (Minecraft) No data fixer registered for dungeonnowloading:vertex_arrow_projectile
[01:28:56] [Render thread/ERROR] (Minecraft) No data fixer registered for dungeonnowloading:vertex_orb_projectile
[01:28:56] [Render thread/ERROR] (Minecraft) No data fixer registered for dungeonnowloading:vertex_domain_projectile
[01:28:56] [Render thread/ERROR] (Minecraft) No data fixer registered for dungeonnowloading:borus_arrow
[01:28:56] [Render thread/ERROR] (Minecraft) No data fixer registered for dungeonnowloading:web_spit_projectile
[01:28:56] [Render thread/ERROR] (Minecraft) No data fixer registered for dungeonnowloading:gas_cloud
[01:28:56] [Render thread/ERROR] (Minecraft) No data fixer registered for dungeonnowloading:special_item_entity
[01:28:56] [Render thread/ERROR] (Minecraft) No data fixer registered for dungeonnowloading:great_experience_bottle
[01:28:56] [Render thread/ERROR] (Minecraft) No data fixer registered for dungeonnowloading:command_pylon
[01:28:56] [Render thread/ERROR] (Minecraft) No data fixer registered for dungeonnowloading:seeping_soul
[01:28:56] [Render thread/ERROR] (Minecraft) No data fixer registered for dungeonnowloading:wayward_lantern_minecart
[01:28:56] [Render thread/ERROR] (Minecraft) No data fixer registered for dungeonnowloading:wispward_lantern_cart
[01:28:56] [Render thread/ERROR] (Minecraft) No data fixer registered for dungeonnowloading:mimicling_falling_block
